0 info it worked if it ends with ok
1 verbose cli [ 'node', '/usr/local/bin/npm', 'publish' ]
2 info using npm@1.4.9
3 info using node@v0.10.28
4 verbose publish [ '.' ]
5 verbose cache add [ '.', null ]
6 verbose cache add name=undefined spec="." args=[".",null]
7 verbose parsed url { protocol: null,
7 verbose parsed url   slashes: null,
7 verbose parsed url   auth: null,
7 verbose parsed url   host: null,
7 verbose parsed url   port: null,
7 verbose parsed url   hostname: null,
7 verbose parsed url   hash: null,
7 verbose parsed url   search: null,
7 verbose parsed url   query: null,
7 verbose parsed url   pathname: '.',
7 verbose parsed url   path: '.',
7 verbose parsed url   href: '.' }
8 silly lockFile 3a52ce78- .
9 verbose lock . /Users/rodrigo/.npm/3a52ce78-.lock
10 verbose tar pack [ '/var/folders/k9/905hhmz50dz440nw95xt867m0000gn/T/npm-504-ttnsYU_p/1403031184269-0.17102574091404676/tmp.tgz',
10 verbose tar pack   '.' ]
11 verbose tarball /var/folders/k9/905hhmz50dz440nw95xt867m0000gn/T/npm-504-ttnsYU_p/1403031184269-0.17102574091404676/tmp.tgz
12 verbose folder .
13 info prepublish crawlerjs@0.0.0
14 silly lockFile 1f1177db-tar tar://.
15 verbose lock tar://. /Users/rodrigo/.npm/1f1177db-tar.lock
16 silly lockFile 42ecae75-4269-0-17102574091404676-tmp-tgz tar:///var/folders/k9/905hhmz50dz440nw95xt867m0000gn/T/npm-504-ttnsYU_p/1403031184269-0.17102574091404676/tmp.tgz
17 verbose lock tar:///var/folders/k9/905hhmz50dz440nw95xt867m0000gn/T/npm-504-ttnsYU_p/1403031184269-0.17102574091404676/tmp.tgz /Users/rodrigo/.npm/42ecae75-4269-0-17102574091404676-tmp-tgz.lock
18 silly lockFile 1f1177db-tar tar://.
19 silly lockFile 1f1177db-tar tar://.
20 silly lockFile 42ecae75-4269-0-17102574091404676-tmp-tgz tar:///var/folders/k9/905hhmz50dz440nw95xt867m0000gn/T/npm-504-ttnsYU_p/1403031184269-0.17102574091404676/tmp.tgz
21 silly lockFile 42ecae75-4269-0-17102574091404676-tmp-tgz tar:///var/folders/k9/905hhmz50dz440nw95xt867m0000gn/T/npm-504-ttnsYU_p/1403031184269-0.17102574091404676/tmp.tgz
22 verbose tar unpack /var/folders/k9/905hhmz50dz440nw95xt867m0000gn/T/npm-504-ttnsYU_p/1403031184269-0.17102574091404676/tmp.tgz
23 silly lockFile 6b35cdd8-rigo-npm-crawlerjs-0-0-0-package tar:///Users/rodrigo/.npm/crawlerjs/0.0.0/package
24 verbose lock tar:///Users/rodrigo/.npm/crawlerjs/0.0.0/package /Users/rodrigo/.npm/6b35cdd8-rigo-npm-crawlerjs-0-0-0-package.lock
25 silly lockFile 42ecae75-4269-0-17102574091404676-tmp-tgz tar:///var/folders/k9/905hhmz50dz440nw95xt867m0000gn/T/npm-504-ttnsYU_p/1403031184269-0.17102574091404676/tmp.tgz
26 verbose lock tar:///var/folders/k9/905hhmz50dz440nw95xt867m0000gn/T/npm-504-ttnsYU_p/1403031184269-0.17102574091404676/tmp.tgz /Users/rodrigo/.npm/42ecae75-4269-0-17102574091404676-tmp-tgz.lock
27 silly gunzTarPerm modes [ '755', '644' ]
28 silly gunzTarPerm extractEntry package.json
29 silly gunzTarPerm extractEntry README.md
30 silly gunzTarPerm extractEntry LICENSE
31 silly gunzTarPerm extractEntry index.js
32 silly gunzTarPerm extractEntry lib/check_status_header.js
33 silly gunzTarPerm extractEntry lib/get_combinations.js
34 silly gunzTarPerm extractEntry lib/get_html.js
35 silly gunzTarPerm extractEntry lib/get_proxies.js
36 silly gunzTarPerm extractEntry lib/csv_to_json.js
37 silly gunzTarPerm extractEntry lib/json_to_csv.js
38 silly gunzTarPerm extractEntry lib/letters_combinations.js
39 silly gunzTarPerm extractEntry lib/map_urls.js
40 silly gunzTarPerm extractEntry lib/random_agent.js
41 silly gunzTarPerm extractEntry lib/utils.js
42 silly gunzTarPerm extractEntry lib/index.js
43 silly gunzTarPerm extractEntry proxies.txt
44 silly lockFile 6b35cdd8-rigo-npm-crawlerjs-0-0-0-package tar:///Users/rodrigo/.npm/crawlerjs/0.0.0/package
45 silly lockFile 6b35cdd8-rigo-npm-crawlerjs-0-0-0-package tar:///Users/rodrigo/.npm/crawlerjs/0.0.0/package
46 silly lockFile 42ecae75-4269-0-17102574091404676-tmp-tgz tar:///var/folders/k9/905hhmz50dz440nw95xt867m0000gn/T/npm-504-ttnsYU_p/1403031184269-0.17102574091404676/tmp.tgz
47 silly lockFile 42ecae75-4269-0-17102574091404676-tmp-tgz tar:///var/folders/k9/905hhmz50dz440nw95xt867m0000gn/T/npm-504-ttnsYU_p/1403031184269-0.17102574091404676/tmp.tgz
48 silly lockFile 3a52ce78- .
49 silly lockFile 3a52ce78- .
50 silly publish { name: 'crawlerjs',
50 silly publish   description: 'ORIUN is a platform to capture data at various sites',
50 silly publish   version: '0.0.0',
50 silly publish   main: 'index.js',
50 silly publish   author: { name: 'Rodrigo Matheus', email: 'rodrigorizando@gmail.com' },
50 silly publish   keywords: [ 'crawlers', 'robots', 'dom', 'extraction', 'bigdata' ],
50 silly publish   repository:
50 silly publish    { type: 'git',
50 silly publish      url: 'git://github.com/rodrigorizando/CrawlerJS.git' },
50 silly publish   scripts: { start: 'node app' },
50 silly publish   dependencies:
50 silly publish    { csvtojson: '0.2.2',
50 silly publish      request: '2.34.0',
50 silly publish      cheerio: '0.13.1',
50 silly publish      'node-fs': '0.1.7',
50 silly publish      mongoq: '0.2.3',
50 silly publish      limiter: '1.0.5',
50 silly publish      querystring: '*' },
50 silly publish   devDependencies: { mocha: '*' },
50 silly publish   engines: { node: '>=0.1.97' },
50 silly publish   license: 'GPL',
50 silly publish   licenses:
50 silly publish    [ { type: 'GPL',
50 silly publish        url: 'https://github.com/rodrigorizando/CrawlerJS/blob/master/LICENSE' } ],
50 silly publish   readme: 'CrawlerJS\n=====\n\n## Example to use\n\n```js\nvar CrawlerJS = require(\'CrawlerJS\');\n\nvar worlds = {\n  limiter: 1,\n  interval: 1000,\n  getSample: \'http://www.tibia.com/community/?subtopic=worlds\',\n  get: \'http://www.tibia.com/community/?subtopic=worlds\',\n  statusHeader: [200],\n  block: [\'your ip is blocked\'],\n  preview: 0,\n  extractors: [\n    {\n      dataType: \'0\',\n      selector: \'.TableContentContainer table.TableContent tr\',\n      elements: "data.world = $(this).children(\'td\').eq(0).children(\'a\').attr(\'href\'); if(typeof data.world == \'undefined\'){delete data.world;}",\n      csv: \'worlds.csv\',\n      mongoCollection: \'tibiaWorlds\'\n    }\n  ]\n}\n\nvar config = {\n  mongoDB: \'tibiatics\',\n  mongoDBHost: \'localhost\',\n  mongoDBPort: \'27017\'\n}\n\nCrawlerJS(worlds,config)\n```',
50 silly publish   readmeFilename: 'README.md',
50 silly publish   bugs: { url: 'https://github.com/rodrigorizando/CrawlerJS/issues' },
50 silly publish   homepage: 'https://github.com/rodrigorizando/CrawlerJS',
50 silly publish   _id: 'crawlerjs@0.0.0',
50 silly publish   _shasum: '172d9e5522005e295ef46f7334cc39fe7fc6f20f',
50 silly publish   _from: '.' }
51 verbose url raw crawlerjs
52 verbose url resolving [ 'https://registry.npmjs.org/', './crawlerjs' ]
53 verbose url resolved https://registry.npmjs.org/crawlerjs
54 info trying registry request attempt 1 at 15:53:04
55 http PUT https://registry.npmjs.org/crawlerjs
56 http 403 https://registry.npmjs.org/crawlerjs
57 verbose headers { date: 'Tue, 17 Jun 2014 18:53:05 GMT',
57 verbose headers   server: 'CouchDB/1.5.0 (Erlang OTP/R14B04)',
57 verbose headers   'content-type': 'application/json',
57 verbose headers   'cache-control': 'max-age=30',
57 verbose headers   'content-length': '1958',
57 verbose headers   'accept-ranges': 'bytes',
57 verbose headers   via: '1.1 varnish',
57 verbose headers   'x-served-by': 'cache-jfk1020-JFK',
57 verbose headers   'x-cache': 'MISS',
57 verbose headers   'x-cache-hits': '0',
57 verbose headers   'x-timer': 'S1403031185.583975,VS0,VE324',
57 verbose headers   'keep-alive': 'timeout=10, max=50',
57 verbose headers   connection: 'Keep-Alive' }
58 error publish Failed PUT 403
59 error Error: forbidden user: rodrigorizando not authorized to modify crawlerjs
59 error Changed: description "A simple crawler" -> "ORIUN is a platform to capture data at various sites"
59 error Changed: dist-tags.latest "0.0.3" -> "0.0.0"
59 error Added: versions.0.0.0
59 error Changed: readme "crawlerjs\u000d\u000a=========\u000d\u000a\u000d\u000acrawl the web with nodejs\u000d\u000a" -> "CrawlerJS\u000a=====\u000a\u000a## Example to use\u000a\u000a```js\u000avar CrawlerJS = require('CrawlerJS');\u000a\u000avar worlds = {\u000a  limiter: 1,\u000a  interval: 1000,\u000a  getSample: 'http://www.tibia.com/community/?subtopic=worlds',\u000a  get: 'http://www.tibia.com/community/?subtopic=worlds',\u000a  statusHeader: [200],\u000a  block: ['your ip is blocked'],\u000a  preview: 0,\u000a  extractors: [\u000a    {\u000a      dataType: '0',\u000a      selector: '.TableContentContainer table.TableContent tr',\u000a      elements: \"data.world = $(this).children('td').eq(0).children('a').attr('href'); if(typeof data.world == 'undefined'){delete data.world;}\",\u000a      csv: 'worlds.csv',\u000a      mongoCollection: 'tibiaWorlds'\u000a    }\u000a  ]\u000a}\u000a\u000avar config = {\u000a  mongoDB: 'tibiatics',\u000a  mongoDBHost: 'localhost',\u000a  mongoDBPort: '27017'\u000a}\u000a\u000aCrawlerJS(worlds,config)\u000a```"
59 error Changed: time.modified "2014-03-19T21:00:19.316Z" -> "2014-06-17T18:52:52.640Z"
59 error Added: time.0.0.0
59 error Changed: homepage "https://github.com/bhou/crawlerjs" -> "https://github.com/rodrigorizando/CrawlerJS"
59 error Changed: repository.url "https://github.com/bhou/crawlerjs.git" -> "git://github.com/rodrigorizando/CrawlerJS.git"
59 error Changed: author.name "Bo HOU" -> "Rodrigo Matheus"
59 error Added: author.email
59 error Changed: bugs.url "https://github.com/bhou/crawlerjs/issues" -> "https://github.com/rodrigorizando/CrawlerJS/issues"
59 error Added: keywords
59 error Added: license
59 error Added: _attachments: crawlerjs
59 error     at RegClient.<anonymous> (/usr/local/lib/node_modules/npm/node_modules/npm-registry-client/lib/request.js:273:14)
59 error     at Request._callback (/usr/local/lib/node_modules/npm/node_modules/npm-registry-client/lib/request.js:211:65)
59 error     at Request.self.callback (/usr/local/lib/node_modules/npm/node_modules/request/request.js:123:22)
59 error     at Request.EventEmitter.emit (events.js:98:17)
59 error     at Request.<anonymous> (/usr/local/lib/node_modules/npm/node_modules/request/request.js:893:14)
59 error     at Request.EventEmitter.emit (events.js:117:20)
59 error     at IncomingMessage.<anonymous> (/usr/local/lib/node_modules/npm/node_modules/request/request.js:844:12)
59 error     at IncomingMessage.EventEmitter.emit (events.js:117:20)
59 error     at _stream_readable.js:919:16
59 error     at process._tickCallback (node.js:419:13)
60 error If you need help, you may report this *entire* log,
60 error including the npm and node versions, at:
60 error     <http://github.com/npm/npm/issues>
61 error System Darwin 13.2.0
62 error command "node" "/usr/local/bin/npm" "publish"
63 error cwd /Users/rodrigo/Dropbox/htdocs/CrawlerJS
64 error node -v v0.10.28
65 error npm -v 1.4.9
66 verbose exit [ 1, true ]
